{"C:\\NodeJs_project\\project\\backend\\db.js": {"path":"C:\\NodeJs_project\\project\\backend\\db.js","statementMap":{"0":{"start":{"line":1,"column":19},"end":{"line":1,"column":32}},"1":{"start":{"line":2,"column":0},"end":{"line":2,"column":27}},"2":{"start":{"line":4,"column":15},"end":{"line":13,"column":2}},"3":{"start":{"line":15,"column":0},"end":{"line":22,"column":5}},"4":{"start":{"line":18,"column":4},"end":{"line":18,"column":45}},"5":{"start":{"line":21,"column":4},"end":{"line":21,"column":58}},"6":{"start":{"line":24,"column":0},"end":{"line":24,"column":24}}},"fnMap":{"0":{"name":"(anonymous_0)","decl":{"start":{"line":17,"column":8},"end":{"line":17,"column":9}},"loc":{"start":{"line":17,"column":14},"end":{"line":19,"column":3}},"line":17},"1":{"name":"(anonymous_1)","decl":{"start":{"line":20,"column":9},"end":{"line":20,"column":10}},"loc":{"start":{"line":20,"column":18},"end":{"line":22,"column":3}},"line":20}},"branchMap":{},"s":{"0":1,"1":1,"2":1,"3":1,"4":1,"5":0,"6":1},"f":{"0":1,"1":0},"b":{},"inputSourceMap":null,"_coverageSchema":"1a1c01bbd47fc00a2c39e90264f33305004495a9","hash":"b03cb9c5a33deb682615b616aa33009d2d14100d"}
,"C:\\NodeJs_project\\project\\backend\\server.js": {"path":"C:\\NodeJs_project\\project\\backend\\server.js","statementMap":{"0":{"start":{"line":1,"column":16},"end":{"line":1,"column":34}},"1":{"start":{"line":2,"column":19},"end":{"line":2,"column":41}},"2":{"start":{"line":3,"column":13},"end":{"line":3,"column":28}},"3":{"start":{"line":4,"column":21},"end":{"line":4,"column":45}},"4":{"start":{"line":6,"column":19},"end":{"line":6,"column":43}},"5":{"start":{"line":7,"column":21},"end":{"line":7,"column":47}},"6":{"start":{"line":8,"column":24},"end":{"line":8,"column":54}},"7":{"start":{"line":9,"column":22},"end":{"line":9,"column":49}},"8":{"start":{"line":11,"column":26},"end":{"line":11,"column":65}},"9":{"start":{"line":12,"column":15},"end":{"line":12,"column":30}},"10":{"start":{"line":14,"column":0},"end":{"line":14,"column":27}},"11":{"start":{"line":16,"column":12},"end":{"line":16,"column":21}},"12":{"start":{"line":18,"column":0},"end":{"line":18,"column":16}},"13":{"start":{"line":19,"column":0},"end":{"line":19,"column":27}},"14":{"start":{"line":20,"column":0},"end":{"line":20,"column":24}},"15":{"start":{"line":22,"column":0},"end":{"line":22,"column":29}},"16":{"start":{"line":23,"column":0},"end":{"line":23,"column":33}},"17":{"start":{"line":25,"column":0},"end":{"line":33,"column":3}},"18":{"start":{"line":26,"column":4},"end":{"line":32,"column":5}},"19":{"start":{"line":27,"column":21},"end":{"line":27,"column":62}},"20":{"start":{"line":28,"column":6},"end":{"line":28,"column":40}},"21":{"start":{"line":30,"column":6},"end":{"line":30,"column":52}},"22":{"start":{"line":31,"column":6},"end":{"line":31,"column":74}},"23":{"start":{"line":35,"column":0},"end":{"line":47,"column":3}},"24":{"start":{"line":36,"column":4},"end":{"line":46,"column":5}},"25":{"start":{"line":37,"column":21},"end":{"line":41,"column":8}},"26":{"start":{"line":42,"column":6},"end":{"line":42,"column":40}},"27":{"start":{"line":44,"column":6},"end":{"line":44,"column":54}},"28":{"start":{"line":45,"column":6},"end":{"line":45,"column":82}},"29":{"start":{"line":50,"column":0},"end":{"line":50,"column":49}},"30":{"start":{"line":51,"column":0},"end":{"line":51,"column":54}},"31":{"start":{"line":53,"column":13},"end":{"line":53,"column":17}},"32":{"start":{"line":57,"column":0},"end":{"line":57,"column":21}}},"fnMap":{"0":{"name":"(anonymous_0)","decl":{"start":{"line":25,"column":23},"end":{"line":25,"column":24}},"loc":{"start":{"line":25,"column":43},"end":{"line":33,"column":1}},"line":25},"1":{"name":"(anonymous_1)","decl":{"start":{"line":35,"column":25},"end":{"line":35,"column":26}},"loc":{"start":{"line":35,"column":45},"end":{"line":47,"column":1}},"line":35}},"branchMap":{},"s":{"0":1,"1":1,"2":1,"3":1,"4":1,"5":1,"6":1,"7":1,"8":1,"9":1,"10":1,"11":1,"12":1,"13":1,"14":1,"15":1,"16":1,"17":1,"18":1,"19":1,"20":1,"21":0,"22":0,"23":1,"24":1,"25":1,"26":1,"27":0,"28":0,"29":1,"30":1,"31":1,"32":1},"f":{"0":1,"1":1},"b":{},"inputSourceMap":null,"_coverageSchema":"1a1c01bbd47fc00a2c39e90264f33305004495a9","hash":"ac5551d52c689bc71bd6c0766d78aa8a639e2791"}
,"C:\\NodeJs_project\\project\\backend\\middlewares\\authMiddleware.js": {"path":"C:\\NodeJs_project\\project\\backend\\middlewares\\authMiddleware.js","statementMap":{"0":{"start":{"line":1,"column":12},"end":{"line":1,"column":35}},"1":{"start":{"line":2,"column":0},"end":{"line":2,"column":27}},"2":{"start":{"line":4,"column":26},"end":{"line":21,"column":1}},"3":{"start":{"line":5,"column":16},"end":{"line":5,"column":59}},"4":{"start":{"line":6,"column":2},"end":{"line":10,"column":3}},"5":{"start":{"line":7,"column":4},"end":{"line":9,"column":61}},"6":{"start":{"line":12,"column":2},"end":{"line":20,"column":3}},"7":{"start":{"line":13,"column":20},"end":{"line":13,"column":65}},"8":{"start":{"line":14,"column":4},"end":{"line":14,"column":25}},"9":{"start":{"line":15,"column":4},"end":{"line":15,"column":23}},"10":{"start":{"line":16,"column":4},"end":{"line":16,"column":11}},"11":{"start":{"line":18,"column":4},"end":{"line":18,"column":52}},"12":{"start":{"line":19,"column":4},"end":{"line":19,"column":55}},"13":{"start":{"line":23,"column":0},"end":{"line":23,"column":35}}},"fnMap":{"0":{"name":"(anonymous_0)","decl":{"start":{"line":4,"column":26},"end":{"line":4,"column":27}},"loc":{"start":{"line":4,"column":46},"end":{"line":21,"column":1}},"line":4}},"branchMap":{"0":{"loc":{"start":{"line":6,"column":2},"end":{"line":10,"column":3}},"type":"if","locations":[{"start":{"line":6,"column":2},"end":{"line":10,"column":3}},{"start":{},"end":{}}],"line":6}},"s":{"0":1,"1":1,"2":1,"3":0,"4":0,"5":0,"6":0,"7":0,"8":0,"9":0,"10":0,"11":0,"12":0,"13":1},"f":{"0":0},"b":{"0":[0,0]},"inputSourceMap":null,"_coverageSchema":"1a1c01bbd47fc00a2c39e90264f33305004495a9","hash":"01333b8b9c7584f48b6118f12ae7412edef0f72b"}
,"C:\\NodeJs_project\\project\\backend\\routes\\auth.js": {"path":"C:\\NodeJs_project\\project\\backend\\routes\\auth.js","statementMap":{"0":{"start":{"line":1,"column":16},"end":{"line":1,"column":34}},"1":{"start":{"line":2,"column":12},"end":{"line":2,"column":35}},"2":{"start":{"line":3,"column":15},"end":{"line":3,"column":32}},"3":{"start":{"line":4,"column":15},"end":{"line":4,"column":31}},"4":{"start":{"line":5,"column":0},"end":{"line":5,"column":27}},"5":{"start":{"line":7,"column":15},"end":{"line":7,"column":31}},"6":{"start":{"line":9,"column":0},"end":{"line":43,"column":3}},"7":{"start":{"line":10,"column":33},"end":{"line":10,"column":41}},"8":{"start":{"line":12,"column":2},"end":{"line":42,"column":3}},"9":{"start":{"line":13,"column":19},"end":{"line":16,"column":5}},"10":{"start":{"line":18,"column":4},"end":{"line":22,"column":5}},"11":{"start":{"line":19,"column":6},"end":{"line":21,"column":63}},"12":{"start":{"line":24,"column":17},"end":{"line":24,"column":31}},"13":{"start":{"line":26,"column":28},"end":{"line":26,"column":73}},"14":{"start":{"line":27,"column":4},"end":{"line":31,"column":5}},"15":{"start":{"line":28,"column":6},"end":{"line":30,"column":63}},"16":{"start":{"line":33,"column":18},"end":{"line":37,"column":5}},"17":{"start":{"line":38,"column":4},"end":{"line":38,"column":43}},"18":{"start":{"line":40,"column":4},"end":{"line":40,"column":48}},"19":{"start":{"line":41,"column":4},"end":{"line":41,"column":60}},"20":{"start":{"line":45,"column":0},"end":{"line":45,"column":24}}},"fnMap":{"0":{"name":"(anonymous_0)","decl":{"start":{"line":9,"column":22},"end":{"line":9,"column":23}},"loc":{"start":{"line":9,"column":42},"end":{"line":43,"column":1}},"line":9}},"branchMap":{"0":{"loc":{"start":{"line":18,"column":4},"end":{"line":22,"column":5}},"type":"if","locations":[{"start":{"line":18,"column":4},"end":{"line":22,"column":5}},{"start":{},"end":{}}],"line":18},"1":{"loc":{"start":{"line":27,"column":4},"end":{"line":31,"column":5}},"type":"if","locations":[{"start":{"line":27,"column":4},"end":{"line":31,"column":5}},{"start":{},"end":{}}],"line":27}},"s":{"0":1,"1":1,"2":1,"3":1,"4":1,"5":1,"6":1,"7":0,"8":0,"9":0,"10":0,"11":0,"12":0,"13":0,"14":0,"15":0,"16":0,"17":0,"18":0,"19":0,"20":1},"f":{"0":0},"b":{"0":[0,0],"1":[0,0]},"inputSourceMap":null,"_coverageSchema":"1a1c01bbd47fc00a2c39e90264f33305004495a9","hash":"13d80c949a445e4afb2aca44f54a0c4791546238"}
,"C:\\NodeJs_project\\project\\backend\\routes\\data_input.js": {"path":"C:\\NodeJs_project\\project\\backend\\routes\\data_input.js","statementMap":{"0":{"start":{"line":1,"column":16},"end":{"line":1,"column":34}},"1":{"start":{"line":2,"column":26},"end":{"line":2,"column":66}},"2":{"start":{"line":3,"column":15},"end":{"line":3,"column":31}},"3":{"start":{"line":5,"column":15},"end":{"line":5,"column":31}},"4":{"start":{"line":7,"column":0},"end":{"line":37,"column":3}},"5":{"start":{"line":15,"column":6},"end":{"line":15,"column":14}},"6":{"start":{"line":17,"column":2},"end":{"line":36,"column":3}},"7":{"start":{"line":18,"column":19},"end":{"line":30,"column":5}},"8":{"start":{"line":32,"column":4},"end":{"line":32,"column":41}},"9":{"start":{"line":34,"column":4},"end":{"line":34,"column":50}},"10":{"start":{"line":35,"column":4},"end":{"line":35,"column":66}},"11":{"start":{"line":39,"column":0},"end":{"line":39,"column":24}}},"fnMap":{"0":{"name":"(anonymous_0)","decl":{"start":{"line":7,"column":36},"end":{"line":7,"column":37}},"loc":{"start":{"line":7,"column":56},"end":{"line":37,"column":1}},"line":7}},"branchMap":{},"s":{"0":1,"1":1,"2":1,"3":1,"4":1,"5":0,"6":0,"7":0,"8":0,"9":0,"10":0,"11":1},"f":{"0":0},"b":{},"inputSourceMap":null,"_coverageSchema":"1a1c01bbd47fc00a2c39e90264f33305004495a9","hash":"6ea6f6c8e68eab7ce5aba5752ca46adeb9470bfa"}
,"C:\\NodeJs_project\\project\\backend\\routes\\history.js": {"path":"C:\\NodeJs_project\\project\\backend\\routes\\history.js","statementMap":{"0":{"start":{"line":1,"column":16},"end":{"line":1,"column":34}},"1":{"start":{"line":2,"column":15},"end":{"line":2,"column":31}},"2":{"start":{"line":3,"column":15},"end":{"line":3,"column":31}},"3":{"start":{"line":4,"column":26},"end":{"line":4,"column":66}},"4":{"start":{"line":6,"column":0},"end":{"line":27,"column":3}},"5":{"start":{"line":7,"column":2},"end":{"line":26,"column":3}},"6":{"start":{"line":8,"column":19},"end":{"line":8,"column":34}},"7":{"start":{"line":11,"column":6},"end":{"line":11,"column":71}},"8":{"start":{"line":12,"column":19},"end":{"line":12,"column":27}},"9":{"start":{"line":14,"column":19},"end":{"line":14,"column":52}},"10":{"start":{"line":16,"column":4},"end":{"line":20,"column":5}},"11":{"start":{"line":17,"column":6},"end":{"line":19,"column":61}},"12":{"start":{"line":22,"column":4},"end":{"line":22,"column":26}},"13":{"start":{"line":24,"column":4},"end":{"line":24,"column":52}},"14":{"start":{"line":25,"column":4},"end":{"line":25,"column":63}},"15":{"start":{"line":29,"column":0},"end":{"line":29,"column":24}}},"fnMap":{"0":{"name":"(anonymous_0)","decl":{"start":{"line":6,"column":35},"end":{"line":6,"column":36}},"loc":{"start":{"line":6,"column":55},"end":{"line":27,"column":1}},"line":6}},"branchMap":{"0":{"loc":{"start":{"line":16,"column":4},"end":{"line":20,"column":5}},"type":"if","locations":[{"start":{"line":16,"column":4},"end":{"line":20,"column":5}},{"start":{},"end":{}}],"line":16}},"s":{"0":1,"1":1,"2":1,"3":1,"4":1,"5":0,"6":0,"7":0,"8":0,"9":0,"10":0,"11":0,"12":0,"13":0,"14":0,"15":1},"f":{"0":0},"b":{"0":[0,0]},"inputSourceMap":null,"_coverageSchema":"1a1c01bbd47fc00a2c39e90264f33305004495a9","hash":"3bf2f31b8156ddcd52992767ac09b0793a5330e4"}
,"C:\\NodeJs_project\\project\\backend\\routes\\signup.js": {"path":"C:\\NodeJs_project\\project\\backend\\routes\\signup.js","statementMap":{"0":{"start":{"line":1,"column":16},"end":{"line":1,"column":34}},"1":{"start":{"line":2,"column":15},"end":{"line":2,"column":32}},"2":{"start":{"line":3,"column":15},"end":{"line":3,"column":31}},"3":{"start":{"line":4,"column":15},"end":{"line":4,"column":31}},"4":{"start":{"line":5,"column":0},"end":{"line":5,"column":27}},"5":{"start":{"line":7,"column":0},"end":{"line":35,"column":3}},"6":{"start":{"line":8,"column":33},"end":{"line":8,"column":41}},"7":{"start":{"line":10,"column":25},"end":{"line":10,"column":66}},"8":{"start":{"line":11,"column":20},"end":{"line":11,"column":66}},"9":{"start":{"line":13,"column":2},"end":{"line":18,"column":3}},"10":{"start":{"line":14,"column":4},"end":{"line":17,"column":7}},"11":{"start":{"line":20,"column":25},"end":{"line":20,"column":56}},"12":{"start":{"line":23,"column":4},"end":{"line":23,"column":60}},"13":{"start":{"line":24,"column":2},"end":{"line":34,"column":3}},"14":{"start":{"line":25,"column":4},"end":{"line":25,"column":68}},"15":{"start":{"line":26,"column":4},"end":{"line":28,"column":69}},"16":{"start":{"line":30,"column":4},"end":{"line":30,"column":25}},"17":{"start":{"line":31,"column":4},"end":{"line":33,"column":66}},"18":{"start":{"line":37,"column":0},"end":{"line":37,"column":24}}},"fnMap":{"0":{"name":"(anonymous_0)","decl":{"start":{"line":7,"column":17},"end":{"line":7,"column":18}},"loc":{"start":{"line":7,"column":37},"end":{"line":35,"column":1}},"line":7}},"branchMap":{"0":{"loc":{"start":{"line":13,"column":2},"end":{"line":18,"column":3}},"type":"if","locations":[{"start":{"line":13,"column":2},"end":{"line":18,"column":3}},{"start":{},"end":{}}],"line":13}},"s":{"0":1,"1":1,"2":1,"3":1,"4":1,"5":1,"6":0,"7":0,"8":0,"9":0,"10":0,"11":0,"12":0,"13":0,"14":0,"15":0,"16":0,"17":0,"18":1},"f":{"0":0},"b":{"0":[0,0]},"inputSourceMap":null,"_coverageSchema":"1a1c01bbd47fc00a2c39e90264f33305004495a9","hash":"c83d48ab7b6f3bb76919e2131a3764fc92eb4c6b"}
}
